mode: set
mirlan.maksv/telegram-bot/app/model/prepareAudio.go:16.71,18.9 2 1
mirlan.maksv/telegram-bot/app/model/prepareAudio.go:22.2,23.9 2 1
mirlan.maksv/telegram-bot/app/model/prepareAudio.go:27.2,32.9 5 0
mirlan.maksv/telegram-bot/app/model/prepareAudio.go:37.2,38.45 2 0
mirlan.maksv/telegram-bot/app/model/prepareAudio.go:18.9,20.3 1 1
mirlan.maksv/telegram-bot/app/model/prepareAudio.go:23.9,25.3 1 1
mirlan.maksv/telegram-bot/app/model/prepareAudio.go:32.9,34.3 1 0
mirlan.maksv/telegram-bot/app/model/prepareAudio.go:42.56,44.24 2 0
mirlan.maksv/telegram-bot/app/model/prepareAudio.go:56.2,56.11 1 0
mirlan.maksv/telegram-bot/app/model/prepareAudio.go:44.24,45.40 1 0
mirlan.maksv/telegram-bot/app/model/prepareAudio.go:45.40,47.34 2 0
mirlan.maksv/telegram-bot/app/model/prepareAudio.go:53.4,53.14 1 0
mirlan.maksv/telegram-bot/app/model/prepareAudio.go:47.34,48.30 1 0
mirlan.maksv/telegram-bot/app/model/prepareAudio.go:48.30,50.11 2 0
mirlan.maksv/telegram-bot/app/model/prepareAudio.go:59.47,61.19 2 1
mirlan.maksv/telegram-bot/app/model/prepareAudio.go:64.2,66.16 3 1
mirlan.maksv/telegram-bot/app/model/prepareAudio.go:69.2,70.16 2 1
mirlan.maksv/telegram-bot/app/model/prepareAudio.go:73.2,74.21 2 1
mirlan.maksv/telegram-bot/app/model/prepareAudio.go:77.2,77.20 1 1
mirlan.maksv/telegram-bot/app/model/prepareAudio.go:61.19,63.3 1 1
mirlan.maksv/telegram-bot/app/model/prepareAudio.go:66.16,68.3 1 0
mirlan.maksv/telegram-bot/app/model/prepareAudio.go:70.16,72.3 1 0
mirlan.maksv/telegram-bot/app/model/prepareAudio.go:74.21,76.3 1 1
mirlan.maksv/telegram-bot/app/model/prepareAudio.go:80.61,82.16 2 1
mirlan.maksv/telegram-bot/app/model/prepareAudio.go:85.2,85.37 1 0
mirlan.maksv/telegram-bot/app/model/prepareAudio.go:82.16,84.3 1 1
